<?xml version="1.0" encoding="UTF-8" ?>
<testsuite failures="0" time="0.507" errors="0" skipped="0" tests="11" name="TestSuite">
  <properties>
    <property name="java.runtime.name" value="Java(TM) SE Runtime Environment"/>
    <property name="sun.boot.library.path" value="C:\Program Files\Java\jdk1.6.0_26\jre\bin"/>
    <property name="java.vm.version" value="20.1-b02"/>
    <property name="java.vm.vendor" value="Sun Microsystems Inc."/>
    <property name="java.vendor.url" value="http://java.sun.com/"/>
    <property name="path.separator" value=";"/>
    <property name="java.vm.name" value="Java HotSpot(TM) 64-Bit Server VM"/>
    <property name="file.encoding.pkg" value="sun.io"/>
    <property name="user.country" value="DE"/>
    <property name="sun.java.launcher" value="SUN_STANDARD"/>
    <property name="sun.os.patch.level" value="Service Pack 1"/>
    <property name="java.vm.specification.name" value="Java Virtual Machine Specification"/>
    <property name="user.dir" value="C:\Users\Philipp\Documents\HiWi\Jenkins\workspace\Jenkins-beispiel\JenkinsBeispiel"/>
    <property name="java.runtime.version" value="1.6.0_26-b03"/>
    <property name="java.awt.graphicsenv" value="sun.awt.Win32GraphicsEnvironment"/>
    <property name="basedir" value="C:\Users\Philipp\Documents\HiWi\Jenkins\workspace\Jenkins-beispiel\JenkinsBeispiel"/>
    <property name="java.endorsed.dirs" value="C:\Program Files\Java\jdk1.6.0_26\jre\lib\endorsed"/>
    <property name="os.arch" value="amd64"/>
    <property name="surefire.real.class.path" value="C:\Users\Philipp\Documents\HiWi\Jenkins\workspace\Jenkins-beispiel\JenkinsBeispiel\target\surefire\surefirebooter5324703228328431661.jar"/>
    <property name="java.io.tmpdir" value="C:\Windows\TEMP\"/>
    <property name="line.separator" value="
"/>
    <property name="java.vm.specification.vendor" value="Sun Microsystems Inc."/>
    <property name="user.variant" value=""/>
    <property name="os.name" value="Windows 7"/>
    <property name="sun.jnu.encoding" value="Cp1252"/>
    <property name="java.library.path" value="C:\Program Files\Java\jdk1.6.0_26\jre\bin;C:\Windows\Sun\Java\bin;C:\Windows\system32;C:\Windows;C:\Users\Philipp\Documents\HiWi\Jenkins\tools\Maven_3.0.3/bin;C:\Program Files\Java\jdk1.6.0_26/bin;C:\Program Files (x86)\NVIDIA Corporation\PhysX\Common;C:\Program Files\Common Files\Microsoft Shared\Windows Live;C:\Program Files (x86)\Common Files\Microsoft Shared\Windows Live;C:\Windows\system32;C:\Windows;C:\Windows\System32\Wbem;C:\Windows\System32\WindowsPowerShell\v1.0\;C:\Program Files (x86)\Common Files\Teleca Shared;C:\Program Files\ThinkPad\Bluetooth Software\;C:\Program Files\ThinkPad\Bluetooth Software\syswow64;C:\Program Files (x86)\Windows Live\Shared;C:\Program Files\TortoiseSVN\bin;C:\Program Files\Intel\WiFi\bin\;C:\Program Files\Common Files\Intel\WirelessCommon\;;."/>
    <property name="surefire.test.class.path" value="C:\Users\Philipp\Documents\HiWi\Jenkins\workspace\Jenkins-beispiel\JenkinsBeispiel\target\test-classes;C:\Users\Philipp\Documents\HiWi\Jenkins\workspace\Jenkins-beispiel\JenkinsBeispiel\target\classes;C:\.m2\repository\org\apache\servicemix\bundles\org.apache.servicemix.bundles.junit-4.4\1.0.0-rc1\org.apache.servicemix.bundles.junit-4.4-1.0.0-rc1.jar;C:\.m2\repository\org\testng\testng\6.2.1\testng-6.2.1.jar;C:\.m2\repository\junit\junit\3.8.1\junit-3.8.1.jar;C:\.m2\repository\org\beanshell\bsh\2.0b4\bsh-2.0b4.jar;C:\.m2\repository\com\beust\jcommander\1.12\jcommander-1.12.jar;C:\.m2\repository\org\yaml\snakeyaml\1.6\snakeyaml-1.6.jar;"/>
    <property name="java.specification.name" value="Java Platform API Specification"/>
    <property name="java.class.version" value="50.0"/>
    <property name="sun.management.compiler" value="HotSpot 64-Bit Tiered Compilers"/>
    <property name="os.version" value="6.1"/>
    <property name="user.home" value="C:\"/>
    <property name="user.timezone" value="Europe/Berlin"/>
    <property name="java.awt.printerjob" value="sun.awt.windows.WPrinterJob"/>
    <property name="java.specification.version" value="1.6"/>
    <property name="file.encoding" value="Cp1252"/>
    <property name="user.name" value="PHILIPP-PC$"/>
    <property name="java.class.path" value="C:\Users\Philipp\Documents\HiWi\Jenkins\workspace\Jenkins-beispiel\JenkinsBeispiel\target\test-classes;C:\Users\Philipp\Documents\HiWi\Jenkins\workspace\Jenkins-beispiel\JenkinsBeispiel\target\classes;C:\.m2\repository\org\apache\servicemix\bundles\org.apache.servicemix.bundles.junit-4.4\1.0.0-rc1\org.apache.servicemix.bundles.junit-4.4-1.0.0-rc1.jar;C:\.m2\repository\org\testng\testng\6.2.1\testng-6.2.1.jar;C:\.m2\repository\junit\junit\3.8.1\junit-3.8.1.jar;C:\.m2\repository\org\beanshell\bsh\2.0b4\bsh-2.0b4.jar;C:\.m2\repository\com\beust\jcommander\1.12\jcommander-1.12.jar;C:\.m2\repository\org\yaml\snakeyaml\1.6\snakeyaml-1.6.jar;"/>
    <property name="java.vm.specification.version" value="1.0"/>
    <property name="sun.arch.data.model" value="64"/>
    <property name="java.home" value="C:\Program Files\Java\jdk1.6.0_26\jre"/>
    <property name="sun.java.command" value="C:\Users\Philipp\Documents\HiWi\Jenkins\workspace\Jenkins-beispiel\JenkinsBeispiel\target\surefire\surefirebooter5324703228328431661.jar C:\Users\Philipp\Documents\HiWi\Jenkins\workspace\Jenkins-beispiel\JenkinsBeispiel\target\surefire\surefire5455854541503047213tmp C:\Users\Philipp\Documents\HiWi\Jenkins\workspace\Jenkins-beispiel\JenkinsBeispiel\target\surefire\surefire8212111631607757659tmp"/>
    <property name="java.specification.vendor" value="Sun Microsystems Inc."/>
    <property name="user.language" value="de"/>
    <property name="awt.toolkit" value="sun.awt.windows.WToolkit"/>
    <property name="java.vm.info" value="mixed mode"/>
    <property name="java.version" value="1.6.0_26"/>
    <property name="java.ext.dirs" value="C:\Program Files\Java\jdk1.6.0_26\jre\lib\ext;C:\Windows\Sun\Java\lib\ext"/>
    <property name="sun.boot.class.path" value="C:\Program Files\Java\jdk1.6.0_26\jre\lib\resources.jar;C:\Program Files\Java\jdk1.6.0_26\jre\lib\rt.jar;C:\Program Files\Java\jdk1.6.0_26\jre\lib\sunrsasign.jar;C:\Program Files\Java\jdk1.6.0_26\jre\lib\jsse.jar;C:\Program Files\Java\jdk1.6.0_26\jre\lib\jce.jar;C:\Program Files\Java\jdk1.6.0_26\jre\lib\charsets.jar;C:\Program Files\Java\jdk1.6.0_26\jre\lib\modules\jdk.boot.jar;C:\Program Files\Java\jdk1.6.0_26\jre\classes"/>
    <property name="java.vendor" value="Sun Microsystems Inc."/>
    <property name="localRepository" value="C:\.m2\repository"/>
    <property name="file.separator" value="\"/>
    <property name="java.vendor.url.bug" value="http://java.sun.com/cgi-bin/bugreport.cgi"/>
    <property name="sun.cpu.endian" value="little"/>
    <property name="sun.io.unicode.encoding" value="UnicodeLittle"/>
    <property name="sun.desktop" value="windows"/>
    <property name="sun.cpu.isalist" value="amd64"/>
  </properties>
  <testcase time="0.01" classname="de.philulay.jenkinsbeispiel.TestNGTests" name="BeideWahr"/>
  <testcase time="0.001" classname="de.philulay.jenkinsbeispiel.TestNGTests" name="NichtBeideWahr"/>
  <testcase time="0" classname="de.philulay.jenkinsbeispiel.TestNGTests" name="NichtsWahr"/>
  <testcase time="0.001" classname="de.philulay.jenkinsbeispiel.TestNGTests" name="TestFak5i"/>
  <testcase time="0.001" classname="de.philulay.jenkinsbeispiel.TestNGTests" name="TestFak5r"/>
  <testcase time="0.003" classname="de.philulay.jenkinsbeispiel.TestNGTests" name="TestFibi"/>
  <testcase time="0.001" classname="de.philulay.jenkinsbeispiel.TestNGTests" name="TestFibr"/>
  <testcase time="0.144" classname="de.philulay.jenkinsbeispiel.WahrFalschTest" name="testWahrFalsch on instance testWahrFalsch"/>
  <testcase time="0.144" classname="de.philulay.jenkinsbeispiel.FibonacciTest" name="testFibonacci on instance testFibonacci"/>
  <testcase time="0.145" classname="de.philulay.jenkinsbeispiel.AdwTest" name="testAd on instance testAd"/>
  <testcase time="0.145" classname="de.philulay.jenkinsbeispiel.FakultaetTest" name="testFakultaet on instance testFakultaet"/>
</testsuite>