<?xml version="1.0" encoding="UTF-8"?>
<!-- Generated by org.testng.reporters.JUnitReportReporter -->
<testsuite hostname="Philipp-PC" name="de.philulay.jenkinsbeispiel.TestNGTests" tests="7" failures="0" timestamp="5 Oct 2011 16:08:22 GMT" time="0,018" errors="0">
  <testcase name="TestFibi" time="0,003" classname="de.philulay.jenkinsbeispiel.TestNGTests"/>
  <testcase name="TestFak5r" time="0,001" classname="de.philulay.jenkinsbeispiel.TestNGTests"/>
  <testcase name="NichtBeideWahr" time="0,001" classname="de.philulay.jenkinsbeispiel.TestNGTests"/>
  <testcase name="TestFak5i" time="0,001" classname="de.philulay.jenkinsbeispiel.TestNGTests"/>
  <testcase name="TestFibr" time="0,001" classname="de.philulay.jenkinsbeispiel.TestNGTests"/>
  <testcase name="NichtsWahr" time="0,000" classname="de.philulay.jenkinsbeispiel.TestNGTests"/>
  <testcase name="BeideWahr" time="0,011" classname="de.philulay.jenkinsbeispiel.TestNGTests"/>
</testsuite>
