<?xml version="1.0" encoding="UTF-8"?>
<!-- Generated by org.testng.reporters.JUnitReportReporter -->
<testsuite hostname="Philipp-PC" name="de.philulay.jenkinsbeispiel.WahrFalschTest" tests="1" failures="0" timestamp="5 Oct 2011 16:08:22 GMT" time="0,001" errors="0">
  <testcase name="testWahrFalsch" time="0,001" classname="de.philulay.jenkinsbeispiel.WahrFalschTest"/>
</testsuite>
