<?xml version="1.0" encoding="UTF-8"?>
<!-- Generated by org.testng.reporters.JUnitReportReporter -->
<testsuite hostname="Philipp-PC" name="de.philulay.jenkinsbeispiel.AdwTest" tests="1" failures="0" timestamp="5 Oct 2011 16:08:22 GMT" time="0,000" errors="0">
  <testcase name="testAd" time="0,000" classname="de.philulay.jenkinsbeispiel.AdwTest"/>
</testsuite>
